<?xml version="1.0" encoding="UTF-8"?>
<!-- Generated by org.testng.reporters.JUnitReportReporter -->
<testsuite hostname="DESKTOP-N22QR8J" failures="0" tests="4" name="QualityKiosksTraining.OrangeHRMTestCases.TestCases.InvalidLoginTestCases" time="3.370" errors="0" timestamp="2021-06-04T10:13:02 IST" skipped="0">
  <testcase classname="QualityKiosksTraining.OrangeHRMTestCases.TestCases.InvalidLoginTestCases" name="TestLoginWithInValidCredentials" time="0.403"/>
  <system-out/>
  <testcase classname="QualityKiosksTraining.OrangeHRMTestCases.TestCases.InvalidLoginTestCases" name="TestLoginWithInValidCredentials" time="2.422"/>
  <system-out/>
  <testcase classname="QualityKiosksTraining.OrangeHRMTestCases.TestCases.InvalidLoginTestCases" name="TestLoginWithInValidCredentials" time="0.251"/>
  <system-out/>
  <testcase classname="QualityKiosksTraining.OrangeHRMTestCases.TestCases.InvalidLoginTestCases" name="TestLoginWithInValidCredentials" time="0.294"/>
  <system-out/>
</testsuite> <!-- QualityKiosksTraining.OrangeHRMTestCases.TestCases.InvalidLoginTestCases -->
