<?xml version="1.0" encoding="UTF-8"?>
<!-- Generated by org.testng.reporters.JUnitReportReporter -->
<testsuite skipped="1" hostname="DESKTOP-N22QR8J" name="QualityKiosksTraining.OrangeHRMTestCases.TestCases.InvalidLoginTestCases" tests="1" failures="0" timestamp="2021-06-04T09:28:50 IST" time="0.000" errors="0">
  <testcase name="TestLoginWithInValidCredentials" time="0.000" classname="QualityKiosksTraining.OrangeHRMTestCases.TestCases.InvalidLoginTestCases">
    <skipped/>
  </testcase> <!-- TestLoginWithInValidCredentials -->
  <system-out/>
</testsuite> <!-- QualityKiosksTraining.OrangeHRMTestCases.TestCases.InvalidLoginTestCases -->
